<?xml version="1.0" encoding="UTF-8"?><testrun name="TestDLL" project="PrDoublyLinkedList" tests="4" started="4" failures="0" errors="4" ignored="0">
  <testsuite name="Test.TestDLL" time="0.016">
    <testcase name="ListaDiezElementosBeginning" classname="Test.TestDLL" time="0.0">
      <error>java.lang.Error: Unresolved compilation problems: 
	Syntax error, insert "Identifier (" to complete MethodHeaderName
	Syntax error, insert ")" to complete MethodDeclaration
	Syntax error, insert ";" to complete MethodDeclaration
	Syntax error, insert "}" to complete ClassBody
&#13;
	at Test.TestDLL.&lt;init&gt;(TestDLL.java:51)&#13;
	at sun.reflect.NativeConstructorAccessorImpl.newInstance0(Native Method)&#13;
	at sun.reflect.NativeConstructorAccessorImpl.newInstance(Unknown Source)&#13;
	at sun.reflect.DelegatingConstructorAccessorImpl.newInstance(Unknown Source)&#13;
	at java.lang.reflect.Constructor.newInstance(Unknown Source)&#13;
	at org.junit.runners.BlockJUnit4ClassRunner.createTest(BlockJUnit4ClassRunner.java:195)&#13;
	at org.junit.runners.BlockJUnit4ClassRunner$1.runReflectiveCall(BlockJUnit4ClassRunner.java:244)&#13;
	at org.junit.internal.runners.model.ReflectiveCallable.run(ReflectiveCallable.java:12)&#13;
	at org.junit.runners.BlockJUnit4ClassRunner.methodBlock(BlockJUnit4ClassRunner.java:241)&#13;
	at org.junit.runners.BlockJUnit4ClassRunner.runChild(BlockJUnit4ClassRunner.java:70)&#13;
	at org.junit.runners.BlockJUnit4ClassRunner.runChild(BlockJUnit4ClassRunner.java:50)&#13;
	at org.junit.runners.ParentRunner$3.run(ParentRunner.java:238)&#13;
	at org.junit.runners.ParentRunner$1.schedule(ParentRunner.java:63)&#13;
	at org.junit.runners.ParentRunner.runChildren(ParentRunner.java:236)&#13;
	at org.junit.runners.ParentRunner.access$000(ParentRunner.java:53)&#13;
	at org.junit.runners.ParentRunner$2.evaluate(ParentRunner.java:229)&#13;
	at org.junit.runners.ParentRunner.run(ParentRunner.java:309)&#13;
	at org.eclipse.jdt.internal.junit4.runner.JUnit4TestReference.run(JUnit4TestReference.java:50)&#13;
	at org.eclipse.jdt.internal.junit.runner.TestExecution.run(TestExecution.java:38)&#13;
	at org.eclipse.jdt.internal.junit.runner.RemoteTestRunner.runTests(RemoteTestRunner.java:459)&#13;
	at org.eclipse.jdt.internal.junit.runner.RemoteTestRunner.runTests(RemoteTestRunner.java:675)&#13;
	at org.eclipse.jdt.internal.junit.runner.RemoteTestRunner.run(RemoteTestRunner.java:382)&#13;
	at org.eclipse.jdt.internal.junit.runner.RemoteTestRunner.main(RemoteTestRunner.java:192)&#13;
&#13;
</error>
    </testcase>
    <testcase name="ListaVacia" classname="Test.TestDLL" time="0.016">
      <error>java.lang.Error: Unresolved compilation problems: 
	Syntax error, insert "Identifier (" to complete MethodHeaderName
	Syntax error, insert ")" to complete MethodDeclaration
	Syntax error, insert ";" to complete MethodDeclaration
	Syntax error, insert "}" to complete ClassBody
&#13;
	at Test.TestDLL.&lt;init&gt;(TestDLL.java:51)&#13;
	at sun.reflect.NativeConstructorAccessorImpl.newInstance0(Native Method)&#13;
	at sun.reflect.NativeConstructorAccessorImpl.newInstance(Unknown Source)&#13;
	at sun.reflect.DelegatingConstructorAccessorImpl.newInstance(Unknown Source)&#13;
	at java.lang.reflect.Constructor.newInstance(Unknown Source)&#13;
	at org.junit.runners.BlockJUnit4ClassRunner.createTest(BlockJUnit4ClassRunner.java:195)&#13;
	at org.junit.runners.BlockJUnit4ClassRunner$1.runReflectiveCall(BlockJUnit4ClassRunner.java:244)&#13;
	at org.junit.internal.runners.model.ReflectiveCallable.run(ReflectiveCallable.java:12)&#13;
	at org.junit.runners.BlockJUnit4ClassRunner.methodBlock(BlockJUnit4ClassRunner.java:241)&#13;
	at org.junit.runners.BlockJUnit4ClassRunner.runChild(BlockJUnit4ClassRunner.java:70)&#13;
	at org.junit.runners.BlockJUnit4ClassRunner.runChild(BlockJUnit4ClassRunner.java:50)&#13;
	at org.junit.runners.ParentRunner$3.run(ParentRunner.java:238)&#13;
	at org.junit.runners.ParentRunner$1.schedule(ParentRunner.java:63)&#13;
	at org.junit.runners.ParentRunner.runChildren(ParentRunner.java:236)&#13;
	at org.junit.runners.ParentRunner.access$000(ParentRunner.java:53)&#13;
	at org.junit.runners.ParentRunner$2.evaluate(ParentRunner.java:229)&#13;
	at org.junit.runners.ParentRunner.run(ParentRunner.java:309)&#13;
	at org.eclipse.jdt.internal.junit4.runner.JUnit4TestReference.run(JUnit4TestReference.java:50)&#13;
	at org.eclipse.jdt.internal.junit.runner.TestExecution.run(TestExecution.java:38)&#13;
	at org.eclipse.jdt.internal.junit.runner.RemoteTestRunner.runTests(RemoteTestRunner.java:459)&#13;
	at org.eclipse.jdt.internal.junit.runner.RemoteTestRunner.runTests(RemoteTestRunner.java:675)&#13;
	at org.eclipse.jdt.internal.junit.runner.RemoteTestRunner.run(RemoteTestRunner.java:382)&#13;
	at org.eclipse.jdt.internal.junit.runner.RemoteTestRunner.main(RemoteTestRunner.java:192)&#13;
&#13;
</error>
    </testcase>
    <testcase name="ListaUnElemento" classname="Test.TestDLL" time="0.0">
      <error>java.lang.Error: Unresolved compilation problems: 
	Syntax error, insert "Identifier (" to complete MethodHeaderName
	Syntax error, insert ")" to complete MethodDeclaration
	Syntax error, insert ";" to complete MethodDeclaration
	Syntax error, insert "}" to complete ClassBody
&#13;
	at Test.TestDLL.&lt;init&gt;(TestDLL.java:51)&#13;
	at sun.reflect.NativeConstructorAccessorImpl.newInstance0(Native Method)&#13;
	at sun.reflect.NativeConstructorAccessorImpl.newInstance(Unknown Source)&#13;
	at sun.reflect.DelegatingConstructorAccessorImpl.newInstance(Unknown Source)&#13;
	at java.lang.reflect.Constructor.newInstance(Unknown Source)&#13;
	at org.junit.runners.BlockJUnit4ClassRunner.createTest(BlockJUnit4ClassRunner.java:195)&#13;
	at org.junit.runners.BlockJUnit4ClassRunner$1.runReflectiveCall(BlockJUnit4ClassRunner.java:244)&#13;
	at org.junit.internal.runners.model.ReflectiveCallable.run(ReflectiveCallable.java:12)&#13;
	at org.junit.runners.BlockJUnit4ClassRunner.methodBlock(BlockJUnit4ClassRunner.java:241)&#13;
	at org.junit.runners.BlockJUnit4ClassRunner.runChild(BlockJUnit4ClassRunner.java:70)&#13;
	at org.junit.runners.BlockJUnit4ClassRunner.runChild(BlockJUnit4ClassRunner.java:50)&#13;
	at org.junit.runners.ParentRunner$3.run(ParentRunner.java:238)&#13;
	at org.junit.runners.ParentRunner$1.schedule(ParentRunner.java:63)&#13;
	at org.junit.runners.ParentRunner.runChildren(ParentRunner.java:236)&#13;
	at org.junit.runners.ParentRunner.access$000(ParentRunner.java:53)&#13;
	at org.junit.runners.ParentRunner$2.evaluate(ParentRunner.java:229)&#13;
	at org.junit.runners.ParentRunner.run(ParentRunner.java:309)&#13;
	at org.eclipse.jdt.internal.junit4.runner.JUnit4TestReference.run(JUnit4TestReference.java:50)&#13;
	at org.eclipse.jdt.internal.junit.runner.TestExecution.run(TestExecution.java:38)&#13;
	at org.eclipse.jdt.internal.junit.runner.RemoteTestRunner.runTests(RemoteTestRunner.java:459)&#13;
	at org.eclipse.jdt.internal.junit.runner.RemoteTestRunner.runTests(RemoteTestRunner.java:675)&#13;
	at org.eclipse.jdt.internal.junit.runner.RemoteTestRunner.run(RemoteTestRunner.java:382)&#13;
	at org.eclipse.jdt.internal.junit.runner.RemoteTestRunner.main(RemoteTestRunner.java:192)&#13;
&#13;
</error>
    </testcase>
    <testcase name="ListaDiezElementosEnd" classname="Test.TestDLL" time="0.0">
      <error>java.lang.Error: Unresolved compilation problems: 
	Syntax error, insert "Identifier (" to complete MethodHeaderName
	Syntax error, insert ")" to complete MethodDeclaration
	Syntax error, insert ";" to complete MethodDeclaration
	Syntax error, insert "}" to complete ClassBody
&#13;
	at Test.TestDLL.&lt;init&gt;(TestDLL.java:51)&#13;
	at sun.reflect.NativeConstructorAccessorImpl.newInstance0(Native Method)&#13;
	at sun.reflect.NativeConstructorAccessorImpl.newInstance(Unknown Source)&#13;
	at sun.reflect.DelegatingConstructorAccessorImpl.newInstance(Unknown Source)&#13;
	at java.lang.reflect.Constructor.newInstance(Unknown Source)&#13;
	at org.junit.runners.BlockJUnit4ClassRunner.createTest(BlockJUnit4ClassRunner.java:195)&#13;
	at org.junit.runners.BlockJUnit4ClassRunner$1.runReflectiveCall(BlockJUnit4ClassRunner.java:244)&#13;
	at org.junit.internal.runners.model.ReflectiveCallable.run(ReflectiveCallable.java:12)&#13;
	at org.junit.runners.BlockJUnit4ClassRunner.methodBlock(BlockJUnit4ClassRunner.java:241)&#13;
	at org.junit.runners.BlockJUnit4ClassRunner.runChild(BlockJUnit4ClassRunner.java:70)&#13;
	at org.junit.runners.BlockJUnit4ClassRunner.runChild(BlockJUnit4ClassRunner.java:50)&#13;
	at org.junit.runners.ParentRunner$3.run(ParentRunner.java:238)&#13;
	at org.junit.runners.ParentRunner$1.schedule(ParentRunner.java:63)&#13;
	at org.junit.runners.ParentRunner.runChildren(ParentRunner.java:236)&#13;
	at org.junit.runners.ParentRunner.access$000(ParentRunner.java:53)&#13;
	at org.junit.runners.ParentRunner$2.evaluate(ParentRunner.java:229)&#13;
	at org.junit.runners.ParentRunner.run(ParentRunner.java:309)&#13;
	at org.eclipse.jdt.internal.junit4.runner.JUnit4TestReference.run(JUnit4TestReference.java:50)&#13;
	at org.eclipse.jdt.internal.junit.runner.TestExecution.run(TestExecution.java:38)&#13;
	at org.eclipse.jdt.internal.junit.runner.RemoteTestRunner.runTests(RemoteTestRunner.java:459)&#13;
	at org.eclipse.jdt.internal.junit.runner.RemoteTestRunner.runTests(RemoteTestRunner.java:675)&#13;
	at org.eclipse.jdt.internal.junit.runner.RemoteTestRunner.run(RemoteTestRunner.java:382)&#13;
	at org.eclipse.jdt.internal.junit.runner.RemoteTestRunner.main(RemoteTestRunner.java:192)&#13;
&#13;
</error>
    </testcase>
  </testsuite>
</testrun>
